TN:
SF:src/controllers/task.controller.ts
FN:5,(anonymous_8)
FN:8,(anonymous_9)
FN:17,(anonymous_10)
FN:20,(anonymous_11)
FN:34,(anonymous_12)
FN:37,(anonymous_13)
FN:63,(anonymous_14)
FN:66,(anonymous_15)
FN:92,(anonymous_16)
FN:95,(anonymous_17)
FN:109,(anonymous_18)
FN:112,(anonymous_19)
FNF:12
FNH:0
FNDA:0,(anonymous_8)
FNDA:0,(anonymous_9)
FNDA:0,(anonymous_10)
FNDA:0,(anonymous_11)
FNDA:0,(anonymous_12)
FNDA:0,(anonymous_13)
FNDA:0,(anonymous_14)
FNDA:0,(anonymous_15)
FNDA:0,(anonymous_16)
FNDA:0,(anonymous_17)
FNDA:0,(anonymous_18)
FNDA:0,(anonymous_19)
DA:2,0
DA:5,0
DA:8,0
DA:9,0
DA:10,0
DA:11,0
DA:13,0
DA:17,0
DA:20,0
DA:21,0
DA:22,0
DA:23,0
DA:24,0
DA:26,0
DA:27,0
DA:29,0
DA:34,0
DA:37,0
DA:38,0
DA:39,0
DA:41,0
DA:42,0
DA:43,0
DA:46,0
DA:50,0
DA:53,0
DA:56,0
DA:57,0
DA:59,0
DA:63,0
DA:66,0
DA:67,0
DA:68,0
DA:69,0
DA:71,0
DA:75,0
DA:78,0
DA:81,0
DA:82,0
DA:84,0
DA:85,0
DA:87,0
DA:92,0
DA:95,0
DA:96,0
DA:97,0
DA:98,0
DA:99,0
DA:101,0
DA:102,0
DA:104,0
DA:109,0
DA:112,0
DA:113,0
DA:114,0
DA:115,0
DA:117,0
DA:118,0
DA:119,0
DA:122,0
DA:126,0
DA:129,0
DA:132,0
DA:133,0
DA:135,0
DA:136,0
DA:138,0
LF:67
LH:0
BRDA:26,0,0,0
BRDA:26,0,1,0
BRDA:26,1,0,0
BRDA:26,1,1,0
BRDA:41,2,0,0
BRDA:46,3,0,0
BRDA:47,4,0,0
BRDA:47,4,1,0
BRDA:71,5,0,0
BRDA:72,6,0,0
BRDA:72,6,1,0
BRDA:84,7,0,0
BRDA:84,7,1,0
BRDA:84,8,0,0
BRDA:84,8,1,0
BRDA:101,9,0,0
BRDA:101,9,1,0
BRDA:101,10,0,0
BRDA:101,10,1,0
BRDA:117,11,0,0
BRDA:122,12,0,0
BRDA:123,13,0,0
BRDA:123,13,1,0
BRDA:135,14,0,0
BRDA:135,14,1,0
BRDA:135,15,0,0
BRDA:135,15,1,0
BRF:27
BRH:0
end_of_record
TN:
SF:src/repositories/task.repository.ts
FN:5,(anonymous_8)
FN:8,(anonymous_9)
FN:38,(anonymous_11)
FN:52,(anonymous_13)
FN:66,(anonymous_15)
FN:81,(anonymous_17)
FN:130,(anonymous_19)
FN:141,(anonymous_21)
FNF:8
FNH:6
FNDA:1,(anonymous_8)
FNDA:5,(anonymous_9)
FNDA:0,(anonymous_11)
FNDA:8,(anonymous_13)
FNDA:9,(anonymous_15)
FNDA:1,(anonymous_17)
FNDA:1,(anonymous_19)
FNDA:0,(anonymous_21)
DA:1,1
DA:2,1
DA:6,1
DA:9,5
DA:11,5
DA:12,5
DA:14,5
DA:26,5
DA:27,0
DA:28,0
DA:35,5
DA:39,0
DA:41,0
DA:45,0
DA:46,0
DA:49,0
DA:53,8
DA:55,8
DA:57,8
DA:58,1
DA:61,7
DA:63,7
DA:67,9
DA:69,9
DA:74,9
DA:75,2
DA:78,9
DA:82,1
DA:84,1
DA:85,1
DA:86,0
DA:89,1
DA:90,1
DA:92,1
DA:93,0
DA:94,0
DA:97,1
DA:98,0
DA:99,0
DA:102,1
DA:103,1
DA:104,1
DA:107,1
DA:109,1
DA:110,1
DA:112,1
DA:113,1
DA:116,1
DA:117,0
DA:119,0
DA:120,0
DA:127,1
DA:131,1
DA:133,1
DA:134,1
DA:135,0
DA:138,1
DA:142,0
DA:144,0
DA:149,0
DA:153,1
LF:61
LH:42
BRDA:19,0,0,5
BRDA:19,0,1,3
BRDA:21,1,0,5
BRDA:21,1,1,5
BRDA:26,2,0,0
BRDA:26,3,0,5
BRDA:26,3,1,4
BRDA:57,4,0,1
BRDA:85,5,0,0
BRDA:92,6,0,0
BRDA:97,7,0,0
BRDA:102,8,0,1
BRDA:112,9,0,1
BRDA:116,10,0,0
BRDA:134,11,0,0
BRF:15
BRH:9
end_of_record
TN:
SF:src/routes/task.route.ts
FNF:0
FNH:0
DA:1,0
DA:2,0
DA:4,0
DA:6,0
DA:8,0
DA:10,0
DA:12,0
DA:14,0
DA:16,0
DA:18,0
LF:10
LH:0
BRF:0
BRH:0
end_of_record
TN:
SF:src/services/database.service.ts
FN:9,(anonymous_8)
FN:11,(anonymous_9)
FN:18,(anonymous_10)
FN:29,(anonymous_12)
FN:45,(anonymous_14)
FNF:5
FNH:5
FNDA:1,(anonymous_8)
FNDA:2,(anonymous_9)
FNDA:1,(anonymous_10)
FNDA:1,(anonymous_12)
FNDA:1,(anonymous_14)
DA:1,1
DA:2,1
DA:3,1
DA:7,1
DA:12,2
DA:13,1
DA:15,2
DA:19,1
DA:21,1
DA:26,1
DA:30,1
DA:32,1
DA:46,1
DA:47,1
DA:51,1
LF:15
LH:15
BRDA:12,0,0,1
BRDA:19,1,0,0
BRDA:30,2,0,0
BRDA:46,3,0,0
BRF:4
BRH:1
end_of_record
